# JRE version: Java(TM) SE Runtime Environment (20.0.2+9) (build 20.0.2+9-78)
# Java VM: Java HotSpot(TM) 64-Bit Server VM (20.0.2+9-78, mixed mode, sharing, tiered, compressed oops, compressed class ptrs, g1 gc, windows-amd64)
GC Precious Log:
 CardTable entry size: 512
 Card Set container configuration: InlinePtr #cards 5 size 8 Array Of Cards #cards 12 size 40 Howl #buckets 4 coarsen threshold 1843 Howl Bitmap #cards 512 size 80 coarsen threshold 460 Card regions per heap region 1 cards per card region 2048
 CPUs: 8 total, 8 available
 Memory: 7502M
 Large Page Support: Disabled
 NUMA Support: Disabled
 Compressed Oops: Enabled (32-bit)
 Heap Region Size: 1M
 Heap Min Capacity: 8M
 Heap Initial Capacity: 118M
 Heap Max Capacity: 2G
 Pre-touch: Disabled
 Parallel Workers: 8
 Concurrent Workers: 2
 Concurrent Refinement Workers: 8
 Periodic GC: Disabled
Heap:
 garbage-first heap   total 312320K, used 211621K [0x0000000080000000, 0x0000000100000000)
  region size 1024K, 24 young (24576K), 8 survivors (8192K)
 Metaspace       used 170079K, committed 173056K, reserved 1245184K
  class space    used 21577K, committed 23040K, reserved 1048576K
GC Heap History (20 events):
Event: 62.938 GC heap before
{Heap before GC invocations=48 (full 0):
 garbage-first heap   total 276480K, used 205797K [0x0000000080000000, 0x0000000100000000)
  region size 1024K, 66 young (67584K), 4 survivors (4096K)
 Metaspace       used 136755K, committed 139392K, reserved 1179648K
  class space    used 17661K, committed 19008K, reserved 1048576K
}
Event: 62.946 GC heap after
{Heap after GC invocations=49 (full 0):
 garbage-first heap   total 276480K, used 146152K [0x0000000080000000, 0x0000000100000000)
  region size 1024K, 9 young (9216K), 9 survivors (9216K)
 Metaspace       used 136755K, committed 139392K, reserved 1179648K
  class space    used 17661K, committed 19008K, reserved 1048576K
}
Event: 66.753 GC heap before
{Heap before GC invocations=49 (full 0):
 garbage-first heap   total 276480K, used 236264K [0x0000000080000000, 0x0000000100000000)
  region size 1024K, 97 young (99328K), 9 survivors (9216K)
 Metaspace       used 142989K, committed 145728K, reserved 1179648K
  class space    used 18245K, committed 19584K, reserved 1048576K
}
Event: 66.768 GC heap after
{Heap after GC invocations=50 (full 0):
 garbage-first heap   total 276480K, used 152819K [0x0000000080000000, 0x0000000100000000)
  region size 1024K, 13 young (13312K), 13 survivors (13312K)
 Metaspace       used 142989K, committed 145728K, reserved 1179648K
  class space    used 18245K, committed 19584K, reserved 1048576K
}
Event: 69.295 GC heap before
{Heap before GC invocations=50 (full 0):
 garbage-first heap   total 276480K, used 237811K [0x0000000080000000, 0x0000000100000000)
  region size 1024K, 95 young (97280K), 13 survivors (13312K)
 Metaspace       used 149123K, committed 151872K, reserved 1245184K
  class space    used 19236K, committed 20608K, reserved 1048576K
}
Event: 69.313 GC heap after
{Heap after GC invocations=51 (full 0):
 garbage-first heap   total 276480K, used 152937K [0x0000000080000000, 0x0000000100000000)
  region size 1024K, 4 young (4096K), 4 survivors (4096K)
 Metaspace       used 149123K, committed 151872K, reserved 1245184K
  class space    used 19236K, committed 20608K, reserved 1048576K
}
Event: 71.267 GC heap before
{Heap before GC invocations=51 (full 0):
 garbage-first heap   total 276480K, used 208233K [0x0000000080000000, 0x0000000100000000)
  region size 1024K, 60 young (61440K), 4 survivors (4096K)
 Metaspace       used 151265K, committed 154112K, reserved 1245184K
  class space    used 19462K, committed 20864K, reserved 1048576K
}
Event: 71.281 GC heap after
{Heap after GC invocations=52 (full 0):
 garbage-first heap   total 276480K, used 153064K [0x0000000080000000, 0x0000000100000000)
  region size 1024K, 11 young (11264K), 11 survivors (11264K)
 Metaspace       used 151265K, committed 154112K, reserved 1245184K
  class space    used 19462K, committed 20864K, reserved 1048576K
}
Event: 77.088 GC heap before
{Heap before GC invocations=53 (full 0):
 garbage-first heap   total 276480K, used 246724K [0x0000000080000000, 0x0000000100000000)
  region size 1024K, 98 young (100352K), 11 survivors (11264K)
 Metaspace       used 157645K, committed 160448K, reserved 1245184K
  class space    used 20352K, committed 21760K, reserved 1048576K
}
Event: 77.106 GC heap after
{Heap after GC invocations=54 (full 0):
 garbage-first heap   total 276480K, used 157599K [0x0000000080000000, 0x0000000100000000)
  region size 1024K, 6 young (6144K), 6 survivors (6144K)
 Metaspace       used 157645K, committed 160448K, reserved 1245184K
  class space    used 20352K, committed 21760K, reserved 1048576K
}
Event: 79.862 GC heap before
{Heap before GC invocations=54 (full 0):
 garbage-first heap   total 276480K, used 247711K [0x0000000080000000, 0x0000000100000000)
  region size 1024K, 95 young (97280K), 6 survivors (6144K)
 Metaspace       used 165036K, committed 167872K, reserved 1245184K
  class space    used 21299K, committed 22720K, reserved 1048576K
}
Event: 79.878 GC heap after
{Heap after GC invocations=55 (full 0):
 garbage-first heap   total 276480K, used 147440K [0x0000000080000000, 0x0000000100000000)
  region size 1024K, 10 young (10240K), 10 survivors (10240K)
 Metaspace       used 165036K, committed 167872K, reserved 1245184K
  class space    used 21299K, committed 22720K, reserved 1048576K
}
Event: 84.006 GC heap before
{Heap before GC invocations=55 (full 0):
 garbage-first heap   total 276480K, used 243696K [0x0000000080000000, 0x0000000100000000)
  region size 1024K, 106 young (108544K), 10 survivors (10240K)
 Metaspace       used 168166K, committed 171136K, reserved 1245184K
  class space    used 21550K, committed 23040K, reserved 1048576K
}
Event: 84.027 GC heap after
{Heap after GC invocations=56 (full 0):
 garbage-first heap   total 276480K, used 154471K [0x0000000080000000, 0x0000000100000000)
  region size 1024K, 11 young (11264K), 11 survivors (11264K)
 Metaspace       used 168166K, committed 171136K, reserved 1245184K
  class space    used 21550K, committed 23040K, reserved 1048576K
}
Event: 86.172 GC heap before
{Heap before GC invocations=57 (full 0):
 garbage-first heap   total 276480K, used 274279K [0x0000000080000000, 0x0000000100000000)
  region size 1024K, 105 young (107520K), 11 survivors (11264K)
 Metaspace       used 168272K, committed 171200K, reserved 1245184K
  class space    used 21550K, committed 23040K, reserved 1048576K
}
Event: 86.244 GC heap after
{Heap after GC invocations=58 (full 0):
 garbage-first heap   total 312320K, used 189144K [0x0000000080000000, 0x0000000100000000)
  region size 1024K, 14 young (14336K), 14 survivors (14336K)
 Metaspace       used 168272K, committed 171200K, reserved 1245184K
  class space    used 21550K, committed 23040K, reserved 1048576K
}
Event: 89.068 GC heap before
{Heap before GC invocations=58 (full 0):
 garbage-first heap   total 312320K, used 275160K [0x0000000080000000, 0x0000000100000000)
  region size 1024K, 97 young (99328K), 14 survivors (14336K)
 Metaspace       used 169004K, committed 171904K, reserved 1245184K
  class space    used 21551K, committed 23040K, reserved 1048576K
}
Event: 89.091 GC heap after
{Heap after GC invocations=59 (full 0):
 garbage-first heap   total 312320K, used 197362K [0x0000000080000000, 0x0000000100000000)
  region size 1024K, 11 young (11264K), 11 survivors (11264K)
 Metaspace       used 169004K, committed 171904K, reserved 1245184K
  class space    used 21551K, committed 23040K, reserved 1048576K
}
Event: 811.129 GC heap before
{Heap before GC invocations=59 (full 0):
 garbage-first heap   total 312320K, used 277234K [0x0000000080000000, 0x0000000100000000)
  region size 1024K, 89 young (91136K), 11 survivors (11264K)
 Metaspace       used 169988K, committed 172928K, reserved 1245184K
  class space    used 21577K, committed 23040K, reserved 1048576K
}
Event: 811.222 GC heap after
{Heap after GC invocations=60 (full 0):
 garbage-first heap   total 312320K, used 198309K [0x0000000080000000, 0x0000000100000000)
  region size 1024K, 8 young (8192K), 8 survivors (8192K)
 Metaspace       used 169988K, committed 172928K, reserved 1245184K
  class space    used 21577K, committed 23040K, reserved 1048576K
}

